<?xml version="1.0" encoding="UTF-8"?>
<testsuite xmlns:xsi="http://www.w3.org/2001/XMLSchema-instance" xsi:noNamespaceSchemaLocation="https://maven.apache.org/surefire/maven-surefire-plugin/xsd/surefire-test-report-3.0.xsd" version="3.0" name="TypeTest" time="0.047" tests="8" errors="0" skipped="0" failures="0">
  <properties>
    <property name="java.specification.version" value="17"/>
    <property name="sun.jnu.encoding" value="UTF-8"/>
    <property name="java.class.path" value="/home/cardigan1008/Desktop/CompilerBagel/target/test-classes:/home/cardigan1008/Desktop/CompilerBagel/target/classes:/home/cardigan1008/.m2/repository/junit/junit/4.13.2/junit-4.13.2.jar:/home/cardigan1008/.m2/repository/org/hamcrest/hamcrest-core/1.3/hamcrest-core-1.3.jar:/home/cardigan1008/.m2/repository/org/antlr/antlr4-runtime/4.9.1/antlr4-runtime-4.9.1.jar:/home/cardigan1008/.m2/repository/org/projectlombok/lombok/1.18.26/lombok-1.18.26.jar:"/>
    <property name="java.vm.vendor" value="Private Build"/>
    <property name="sun.arch.data.model" value="64"/>
    <property name="java.vendor.url" value="Unknown"/>
    <property name="os.name" value="Linux"/>
    <property name="java.vm.specification.version" value="17"/>
    <property name="sun.java.launcher" value="SUN_STANDARD"/>
    <property name="user.country" value="US"/>
    <property name="sun.boot.library.path" value="/usr/lib/jvm/java-17-openjdk-amd64/lib"/>
    <property name="sun.java.command" value="/home/cardigan1008/Desktop/CompilerBagel/target/surefire/surefirebooter-20230801110032508_3.jar /home/cardigan1008/Desktop/CompilerBagel/target/surefire 2023-08-01T11-00-32_455-jvmRun1 surefire-20230801110032508_1tmp surefire_0-20230801110032508_2tmp"/>
    <property name="jdk.debug" value="release"/>
    <property name="surefire.test.class.path" value="/home/cardigan1008/Desktop/CompilerBagel/target/test-classes:/home/cardigan1008/Desktop/CompilerBagel/target/classes:/home/cardigan1008/.m2/repository/junit/junit/4.13.2/junit-4.13.2.jar:/home/cardigan1008/.m2/repository/org/hamcrest/hamcrest-core/1.3/hamcrest-core-1.3.jar:/home/cardigan1008/.m2/repository/org/antlr/antlr4-runtime/4.9.1/antlr4-runtime-4.9.1.jar:/home/cardigan1008/.m2/repository/org/projectlombok/lombok/1.18.26/lombok-1.18.26.jar:"/>
    <property name="sun.cpu.endian" value="little"/>
    <property name="user.home" value="/home/cardigan1008"/>
    <property name="user.language" value="en"/>
    <property name="java.specification.vendor" value="Oracle Corporation"/>
    <property name="java.version.date" value="2023-04-18"/>
    <property name="java.home" value="/usr/lib/jvm/java-17-openjdk-amd64"/>
    <property name="file.separator" value="/"/>
    <property name="basedir" value="/home/cardigan1008/Desktop/CompilerBagel"/>
    <property name="java.vm.compressedOopsMode" value="Zero based"/>
    <property name="line.separator" value="&#10;"/>
    <property name="java.vm.specification.vendor" value="Oracle Corporation"/>
    <property name="java.specification.name" value="Java Platform API Specification"/>
    <property name="surefire.real.class.path" value="/home/cardigan1008/Desktop/CompilerBagel/target/surefire/surefirebooter-20230801110032508_3.jar"/>
    <property name="sun.management.compiler" value="HotSpot 64-Bit Tiered Compilers"/>
    <property name="java.runtime.version" value="17.0.7+7-Ubuntu-0ubuntu123.04"/>
    <property name="user.name" value="cardigan1008"/>
    <property name="path.separator" value=":"/>
    <property name="os.version" value="6.2.0-26-generic"/>
    <property name="java.runtime.name" value="OpenJDK Runtime Environment"/>
    <property name="file.encoding" value="UTF-8"/>
    <property name="java.vm.name" value="OpenJDK 64-Bit Server VM"/>
    <property name="localRepository" value="/home/cardigan1008/.m2/repository"/>
    <property name="java.vendor.url.bug" value="Unknown"/>
    <property name="java.io.tmpdir" value="/tmp"/>
    <property name="idea.version" value="2023.2"/>
    <property name="java.version" value="17.0.7"/>
    <property name="user.dir" value="/home/cardigan1008/Desktop/CompilerBagel"/>
    <property name="os.arch" value="amd64"/>
    <property name="java.vm.specification.name" value="Java Virtual Machine Specification"/>
    <property name="native.encoding" value="UTF-8"/>
    <property name="java.library.path" value="/usr/java/packages/lib:/usr/lib/x86_64-linux-gnu/jni:/lib/x86_64-linux-gnu:/usr/lib/x86_64-linux-gnu:/usr/lib/jni:/lib:/usr/lib"/>
    <property name="java.vm.info" value="mixed mode, sharing"/>
    <property name="java.vendor" value="Private Build"/>
    <property name="java.vm.version" value="17.0.7+7-Ubuntu-0ubuntu123.04"/>
    <property name="sun.io.unicode.encoding" value="UnicodeLittle"/>
    <property name="java.class.version" value="61.0"/>
  </properties>
  <testcase name="functionTypeTest1" classname="TypeTest" time="0.002"/>
  <testcase name="functionTypeTest2" classname="TypeTest" time="0.007"/>
  <testcase name="functionTypeTest3" classname="TypeTest" time="0"/>
  <testcase name="arrayTypeTest1" classname="TypeTest" time="0"/>
  <testcase name="arrayTypeTest2" classname="TypeTest" time="0"/>
  <testcase name="arrayTypeTest3" classname="TypeTest" time="0"/>
  <testcase name="arrayTypeTest4" classname="TypeTest" time="0"/>
  <testcase name="pointerTypeTest1" classname="TypeTest" time="0.001"/>
</testsuite>